INFO     - 2024-04-29 20:43:34. Широта: 59.9386, Долгота: 30.3141, Радиус 3_000 м., Запрос: "кофейня" 
Название: Кофейня Mad espresso team
Адрес:    Василеостровский рынок, Большой В.О. Пр., 16, 199034, Санкт-Петербург
Рейтинг:  8.7
-------------------------------------------------------------------------------
Название: Кофейня Kos.place - Цены на услуги
Адрес:    наб Реки Фонтанки, д.86 (Бородинская ул.), Санкт-Петербург
Рейтинг:  8.7
--------------------------------------------------------------------
Название: Кофейня SWAN coffee
Адрес:    Lizy Chaikinoi St., 4/12, St. gRussia, 197198, Санкт-Петербург
Рейтинг:  8.6
------------------------------------------------------------------------
Название: Кофейня-бар Обычные люди
Адрес:    Рыбацкая Ул., д. 4, 197198, Санкт-Петербург
Рейтинг:  8.2
-----------------------------------------------------
Название: Кофейня Будем знакомы
Адрес:    Малый Пр., П. С., 60/17, 197136, Санкт-Петербург
Рейтинг:  8.2
----------------------------------------------------------

INFO     - 2024-04-29 20:43:41. Широта: 59.9386, Долгота: 30.3141, Радиус 3_000 м., Запрос: "музей" 
Название: Russian Museum (Benois Wing) (Русский музей (Корпус Бенуа))
Адрес:    наб. Канала Грибоедова, 2 (Инженерная ул.), 191011, Санкт-Петербург
Рейтинг:  9.2
-----------------------------------------------------------------------------
Название: Russian Museum (Русский музей)
Адрес:    Инженерная Ул., д. 4, 191186, Санкт-Петербург
Рейтинг:  9.1
-------------------------------------------------------
Название: Fabergé Museum (Музей Фаберже)
Адрес:    наб. реки Фонтанки, 21, 191023, Санкт-Петербург
Рейтинг:  8.9
---------------------------------------------------------
Название: Музей оптики
Адрес:    Биржевая линия, 14, 199034, Санкт-Петербург
Рейтинг:  8.6
-----------------------------------------------------
Название: Научно-исследовательский музей Российской академии художеств
Адрес:    Университетская наб., 17 (Университетская наб., 17), 199034, Санкт-Петербург
Рейтинг:  8.6
--------------------------------------------------------------------------------------

INFO     - 2024-04-29 20:43:49. Широта: 59.9386, Долгота: 30.3141, Радиус 3_000 м., Запрос: "парк" 
Название: Alexander Park (Александровский парк)
Адрес:    Кронверскии Пр., 4 (Кронверская наб.), 190000, Санкт-Петербург
Рейтинг:  8.9
------------------------------------------------------------------------
Название: Alexander Garden (Александровский сад)
Адрес:    190000, Санкт-Петербург
Рейтинг:  8.9
------------------------------------------------
Название: Mikhailovsky Garden (Михайловский сад)
Адрес:    Инженерная Ул., д. 4 (наб. реки Мойки), 191186, Санкт-Петербург
Рейтинг:  8.9
-------------------------------------------------------------------------
Название: Catherine Public Garden (Екатерининский сквер)
Адрес:    191023, Санкт-Петербург
Рейтинг:  8.6
--------------------------------------------------------
Название: Никольский сад
Адрес:    пл. Никольская, 1/3, Санкт-Петербург
Рейтинг:  8.5
----------------------------------------------

INFO     - 2024-04-29 20:44:10. Широта: 59.9386, Долгота: 30.3141, Радиус 3_000 м., Запрос: "магазин" 
Название: Secret
Адрес:    Большая Конюшенная Ул., д.19/8цокольный (Большая Конюшенная ул., 19/8), 191186, Санкт-Петербург
Рейтинг:  8.9
---------------------------------------------------------------------------------------------------------
Название: House of Books (Дом книги)
Адрес:    Невский Пр., д. 28 (Невский просп., 28), 191186, Санкт-Петербург
Рейтинг:  8.9
--------------------------------------------------------------------------
Название: molecule
Адрес:    Казанская Ул., д. 5, Санкт-Петербург
Рейтинг:  8.8
----------------------------------------------
Название: Fab Store
Адрес:    Банковский пер., 3 (Москательный пер.), 191023, Санкт-Петербург
Рейтинг:  8.8
-------------------------------------------------------------------------
Название: Eliseevs Merchants' Shop (Магазин купцов Елисеевых)
Адрес:    Невский Пр., д. 56 (Малая Садовая ул.), 191023, Санкт-Петербург
Рейтинг:  8.3
-------------------------------------------------------------------------

